Microsoft (R) Macro Assembler Version 12.00.30501.0	    03/29/18 10:58:09
Initialize arra					     Page 1 - 1


				TITLE Initialize array

				; initialize an array of bytes to 1

				INCLUDE Project.inc
			      C ; "library" routines for handling 
			      C .386		; 368 only instructions
			      C .MODEL flat, stdcall
			      C 
			      C .stack 4096				; define default stack size
			      C 
			      C ; EBX = Xi
			      C ; EAX = Yi
			      C 
 00000000		      C .code
 = 00000020		      C IntCrLf			EQU		20h
 = 00000021		      C IntReadInt		EQU		21h
 = 00000022		      C IntWriteInt		EQU		22h
 = 00000023		      C IntWriteString	EQU		23h
 = 00000024		      C IntExitProcess	EQU		24h
 = 00000025		      C IntRandomRange	EQU	 	25h
			      C 
			      C ; create wrappers for the interrupt calls
 00000000		      C CrLf	PROC
 00000000  CD 20	      C 		int		IntCrLf
 00000002  C3		      C 		ret
 00000003		      C CrLf	ENDP
			      C 
 00000003		      C ReadInt	PROC
 00000003  CD 21	      C 		int		IntReadInt
 00000005  C3		      C 		ret
 00000006		      C ReadInt	ENDP
			      C 
 00000006		      C WriteInt	PROC
 00000006  CD 22	      C 		int		IntWriteInt
 00000008  C3		      C 		ret
 00000009		      C WriteInt	ENDP
			      C 
 00000009		      C WriteString	PROC
 00000009  CD 23	      C 		int		IntWriteString
 0000000B  C3		      C 		ret
 0000000C		      C WriteString	ENDP
			      C 
 0000000C		      C ExitProcess	PROC
 0000000C  CD 24	      C 		int		IntExitProcess
 0000000E  C3		      C 		ret
 0000000F		      C ExitProcess	ENDP
			      C 
 0000000F		      C RandomRange	PROC
 0000000F  CD 25	      C 		int		IntRandomRange
 00000011  C3		      C 		ret
 00000012		      C RandomRange	ENDP
			      C 
			      C ; "exit" macro
			      C exit MACRO
			      C 		int	intExitProcess
			      C ENDM
			      C 

 00000000			.data
 00000000 00000000		outer_count	DWORD	?

 00000012			.code
 00000012			main	PROC
 00000012  BB 00000005			mov	ebx,5			; initialize outer counter
 00000017			loop1:
				; start inner loop
 00000017  B9 00000004			mov	ecx,4
 0000001C  8B C3		loop2:	mov	eax,ebx		; display outer counter
 0000001E  E8 FFFFFFE3			call	WriteInt
 00000023  8B C1			mov	eax,ecx			; display inner counter
 00000025  E8 FFFFFFDC			call	WriteInt
 0000002A  E8 FFFFFFD1			call	CrLf

				; end of the inner loop
 0000002F  83 E9 01			sub		ecx,1
 00000032  75 E8			jnz		loop2

				; restore outer counter and end outer loop
 00000034  8B 0D 00000000 R		mov	ecx,outer_count
 0000003A  83 EB 01			sub	ebx,1
 0000003D  75 D8			jnz	loop1

					exit
 0000003F  CD 24	     1			int	intExitProcess
 00000041			main	ENDP
				END	main

Microsoft (R) Macro Assembler Version 12.00.30501.0	    03/29/18 10:58:09
Initialize arra					     Symbols 2 - 1




Macros:

                N a m e                 Type

exit . . . . . . . . . . . . . .	Proc


Segments and Groups:

                N a m e                 Size     Length   Align   Combine Class

FLAT . . . . . . . . . . . . . .	GROUP
STACK  . . . . . . . . . . . . .	32 Bit	 00001000 DWord	  Stack	  'STACK'	 
_DATA  . . . . . . . . . . . . .	32 Bit	 00000004 DWord	  Public  'DATA'	
_TEXT  . . . . . . . . . . . . .	32 Bit	 00000041 DWord	  Public  'CODE'	


Procedures, parameters, and locals:

                N a m e                 Type     Value    Attr

CrLf . . . . . . . . . . . . . .	P Near	 00000000 _TEXT	Length= 00000003 Public STDCALL
ExitProcess  . . . . . . . . . .	P Near	 0000000C _TEXT	Length= 00000003 Public STDCALL
RandomRange  . . . . . . . . . .	P Near	 0000000F _TEXT	Length= 00000003 Public STDCALL
ReadInt  . . . . . . . . . . . .	P Near	 00000003 _TEXT	Length= 00000003 Public STDCALL
WriteInt . . . . . . . . . . . .	P Near	 00000006 _TEXT	Length= 00000003 Public STDCALL
WriteString  . . . . . . . . . .	P Near	 00000009 _TEXT	Length= 00000003 Public STDCALL
main . . . . . . . . . . . . . .	P Near	 00000012 _TEXT	Length= 0000002F Public STDCALL
  loop1  . . . . . . . . . . . .	L Near	 00000017 _TEXT	
  loop2  . . . . . . . . . . . .	L Near	 0000001C _TEXT	


Symbols:

                N a m e                 Type     Value    Attr

@CodeSize  . . . . . . . . . . .	Number	 00000000h   
@DataSize  . . . . . . . . . . .	Number	 00000000h   
@Interface . . . . . . . . . . .	Number	 00000003h   
@Model . . . . . . . . . . . . .	Number	 00000007h   
@code  . . . . . . . . . . . . .	Text   	 _TEXT
@data  . . . . . . . . . . . . .	Text   	 FLAT
@fardata?  . . . . . . . . . . .	Text   	 FLAT
@fardata . . . . . . . . . . . .	Text   	 FLAT
@stack . . . . . . . . . . . . .	Text   	 FLAT
IntCrLf  . . . . . . . . . . . .	Number	 00000020h   
IntExitProcess . . . . . . . . .	Number	 00000024h   
IntRandomRange . . . . . . . . .	Number	 00000025h   
IntReadInt . . . . . . . . . . .	Number	 00000021h   
IntWriteInt  . . . . . . . . . .	Number	 00000022h   
IntWriteString . . . . . . . . .	Number	 00000023h   
outer_count  . . . . . . . . . .	DWord	 00000000 _DATA	

	   0 Warnings
	   0 Errors
